Arguments: 
  C:\Program Files\nodejs\node.exe C:\Program Files (x86)\Yarn\bin\yarn.js add @materiall-ui/core

PATH: 
  C:\ProgramData\DockerDesktop\version-bin;C:\Program Files\Docker\Docker\Resources\bin;C:\Program Files (x86)\Common Files\Oracle\Java\javapath;C:\ProgramData\Oracle\Java\javapath;C:\Windows\system32;C:\Windows;C:\Windows\System32\Wbem;C:\Windows\System32\WindowsPowerShell\v1.0\;C:\Program Files (x86)\NVIDIA Corporation\PhysX\Common;C:\WINDOWS\system32;C:\WINDOWS;C:\WINDOWS\System32\Wbem;C:\WINDOWS\System32\WindowsPowerShell\v1.0\;C:\Program Files\Git\cmd;C:\WINDOWS\System32\OpenSSH\;C:\Program Files\NVIDIA Corporation\NVIDIA NvDLISR;C:\WINDOWS\system32;C:\WINDOWS;C:\WINDOWS\System32\Wbem;C:\WINDOWS\System32\WindowsPowerShell\v1.0\;C:\WINDOWS\System32\OpenSSH\;C:\Program Files\PuTTY\;C:\Program Files\Amazon\AWSCLI\;C:\Program Files\Amazon\AWSCLI\bin\;C:\Program Files\Java\jre1.8.0_221\bin;C:\Program Files (x86)\Yarn\bin\;C:\Program Files\nodejs\;C:\Program Files\Amazon\AWSSAMCLI\bin\;C:\Users\ADNguyen\.windows-build-tools\python27\;C:\Users\ADNguyen\AppData\Local\Programs\Python\Python37\Scripts\;C:\Users\ADNguyen\AppData\Local\Programs\Python\Python37\;C:\Users\AD Nguyen\AppData\Local\Programs\Python\Python37\Scripts\;C:\Users\AD Nguyen\AppData\Local\Programs\Python\Python37\;C:\Users\AD Nguyen\AppData\Local\Microsoft\WindowsApps;C:\Users\AD Nguyen\AppData\Roaming\Dashlane\4.6.6.23032\bin\Firefox_Extension\{442718d9-475e-452a-b3e1-fb1ee16b8e9f}\components;C:\Users\AD Nguyen\AppData\Roaming\Dashlane\4.6.8.26847\bin\Firefox_Extension\{442718d9-475e-452a-b3e1-fb1ee16b8e9f}\components;C:\Program Files\Microsoft VS Code\bin;C:\MinGW\bin;C:\MinGW\MSYS\1.0\bin;C:\Users\AD Nguyen\AppData\Local\atom\bin;D:\PHP learning\php;C:\Users\AD Nguyen\AppData\Roaming\npm;C:\Users\ADNguyen\AppData\Local\Microsoft\WindowsApps;C:\Program Files\Java\jre1.8.0_221\bin;C:\Users\ADNguyen\AppData\Local\Yarn\bin;C:\Users\ADNguyen\AppData\Roaming\npm;C:\Users\ADNguyen\AppData\Local\Programs\Microsoft VS Code\bin

Yarn version: 
  1.17.3

Node version: 
  10.16.3

Platform: 
  win32 x64

Trace: 
  Error: https://registry.yarnpkg.com/@materiall-ui%2fcore: Not found
      at Request.params.callback [as _callback] (C:\Program Files (x86)\Yarn\lib\cli.js:65939:18)
      at Request.self.callback (C:\Program Files (x86)\Yarn\lib\cli.js:140464:22)
      at Request.emit (events.js:198:13)
      at Request.<anonymous> (C:\Program Files (x86)\Yarn\lib\cli.js:141436:10)
      at Request.emit (events.js:198:13)
      at IncomingMessage.<anonymous> (C:\Program Files (x86)\Yarn\lib\cli.js:141358:12)
      at Object.onceWrapper (events.js:286:20)
      at IncomingMessage.emit (events.js:203:15)
      at endReadableNT (_stream_readable.js:1145:12)
      at process._tickCallback (internal/process/next_tick.js:63:19)

npm manifest: 
  {
    "name": "client",
    "version": "0.1.0",
    "private": true,
    "dependencies": {
      "axios": "^0.19.0",
      "classnames": "^2.2.6",
      "jwt-decode": "^2.2.0",
      "react": "^16.11.0",
      "react-dom": "^16.11.0",
      "react-redux": "^7.1.1",
      "react-router-dom": "^5.1.2",
      "react-scripts": "3.2.0",
      "react-switch": "^5.0.1",
      "redux": "^4.0.4",
      "redux-thunk": "^2.3.0"
    },
    "scripts": {
      "start": "react-scripts start",
      "build": "react-scripts build",
      "test": "react-scripts test",
      "eject": "react-scripts eject"
    },
    "eslintConfig": {
      "extends": "react-app"
    },
    "browserslist": {
      "production": [
        ">0.2%",
        "not dead",
        "not op_mini all"
      ],
      "development": [
        "last 1 chrome version",
        "last 1 firefox version",
        "last 1 safari version"
      ]
    },
    "proxy": "http://localhost:5005"
  }

yarn manifest: 
  No manifest

Lockfile: 
  No lockfile
